-------------------------------------------------------------------------------
Test set: com.toni.petclinic.PetClinicApplicationTests
-------------------------------------------------------------------------------
Tests run: 1, Failures: 0, Errors: 1, Skipped: 0, Time elapsed: 8.783 s <<< FAILURE! - in com.toni.petclinic.PetClinicApplicationTests
contextLoads  Time elapsed: 0.003 s  <<< ERROR!
java.lang.IllegalStateException: Failed to load ApplicationContext
Caused by: org.springframework.beans.factory.UnsatisfiedDependencyException: Error creating bean with name 'requestMappingHandlerAdapter' defined in class path resource [org/springframework/boot/autoconfigure/web/servlet/WebMvcAutoConfiguration$EnableWebMvcConfiguration.class]: Unsatisfied dependency expressed through method 'requestMappingHandlerAdapter' parameter 1; nested exception is org.springframework.beans.factory.BeanCreationException: Error creating bean with name 'mvcConversionService' defined in class path resource [org/springframework/boot/autoconfigure/web/servlet/WebMvcAutoConfiguration$EnableWebMvcConfiguration.class]: Bean instantiation via factory method failed; nested exception is org.springframework.beans.BeanInstantiationException: Failed to instantiate [org.springframework.format.support.FormattingConversionService]: Factory method 'mvcConversionService' threw exception; nested exception is org.springframework.beans.factory.BeanCreationException: Error creating bean with name 'ownerRepository': Invocation of init method failed; nested exception is java.lang.IllegalArgumentException: Failed to create query for method public abstract com.toni.petclinic.model.Owner com.toni.petclinic.repositories.OwnerRepository.findbyLastName(java.lang.String)! No property findbyLastName found for type Owner!
Caused by: org.springframework.beans.factory.BeanCreationException: Error creating bean with name 'mvcConversionService' defined in class path resource [org/springframework/boot/autoconfigure/web/servlet/WebMvcAutoConfiguration$EnableWebMvcConfiguration.class]: Bean instantiation via factory method failed; nested exception is org.springframework.beans.BeanInstantiationException: Failed to instantiate [org.springframework.format.support.FormattingConversionService]: Factory method 'mvcConversionService' threw exception; nested exception is org.springframework.beans.factory.BeanCreationException: Error creating bean with name 'ownerRepository': Invocation of init method failed; nested exception is java.lang.IllegalArgumentException: Failed to create query for method public abstract com.toni.petclinic.model.Owner com.toni.petclinic.repositories.OwnerRepository.findbyLastName(java.lang.String)! No property findbyLastName found for type Owner!
Caused by: org.springframework.beans.BeanInstantiationException: Failed to instantiate [org.springframework.format.support.FormattingConversionService]: Factory method 'mvcConversionService' threw exception; nested exception is org.springframework.beans.factory.BeanCreationException: Error creating bean with name 'ownerRepository': Invocation of init method failed; nested exception is java.lang.IllegalArgumentException: Failed to create query for method public abstract com.toni.petclinic.model.Owner com.toni.petclinic.repositories.OwnerRepository.findbyLastName(java.lang.String)! No property findbyLastName found for type Owner!
Caused by: org.springframework.beans.factory.BeanCreationException: Error creating bean with name 'ownerRepository': Invocation of init method failed; nested exception is java.lang.IllegalArgumentException: Failed to create query for method public abstract com.toni.petclinic.model.Owner com.toni.petclinic.repositories.OwnerRepository.findbyLastName(java.lang.String)! No property findbyLastName found for type Owner!
Caused by: java.lang.IllegalArgumentException: Failed to create query for method public abstract com.toni.petclinic.model.Owner com.toni.petclinic.repositories.OwnerRepository.findbyLastName(java.lang.String)! No property findbyLastName found for type Owner!
Caused by: org.springframework.data.mapping.PropertyReferenceException: No property findbyLastName found for type Owner!

