-------------------------------------------------------------------------------
Test set: com.toni.petclinic.PetClinicApplicationTests
-------------------------------------------------------------------------------
Tests run: 1, Failures: 0, Errors: 1, Skipped: 0, Time elapsed: 6.827 s <<< FAILURE! - in com.toni.petclinic.PetClinicApplicationTests
contextLoads  Time elapsed: 0.006 s  <<< ERROR!
java.lang.IllegalStateException: Failed to load ApplicationContext
Caused by: org.springframework.beans.factory.UnsatisfiedDependencyException: Error creating bean with name 'dataLoader' defined in file [/home/toni/eclipse-workspace/pet-clinic/pet-clinic-web/target/classes/com/toni/petclinic/bootstrap/DataLoader.class]: Unsatisfied dependency expressed through constructor parameter 0; nested exception is org.springframework.beans.factory.UnsatisfiedDependencyException: Error creating bean with name 'ownerServiceMap' defined in URL [jar:file:/home/toni/eclipse-workspace/pet-clinic/pet-clinic-data/target/pet-clinic-data-0.0.4-SNAPSHOT.jar!/com/toni/petclinic/services/map/OwnerServiceMap.class]: Unsatisfied dependency expressed through constructor parameter 0; nested exception is org.springframework.beans.factory.NoSuchBeanDefinitionException: No qualifying bean of type 'com.toni.petclinic.services.PetService' available: expected at least 1 bean which qualifies as autowire candidate. Dependency annotations: {}
Caused by: org.springframework.beans.factory.UnsatisfiedDependencyException: Error creating bean with name 'ownerServiceMap' defined in URL [jar:file:/home/toni/eclipse-workspace/pet-clinic/pet-clinic-data/target/pet-clinic-data-0.0.4-SNAPSHOT.jar!/com/toni/petclinic/services/map/OwnerServiceMap.class]: Unsatisfied dependency expressed through constructor parameter 0; nested exception is org.springframework.beans.factory.NoSuchBeanDefinitionException: No qualifying bean of type 'com.toni.petclinic.services.PetService' available: expected at least 1 bean which qualifies as autowire candidate. Dependency annotations: {}
Caused by: org.springframework.beans.factory.NoSuchBeanDefinitionException: No qualifying bean of type 'com.toni.petclinic.services.PetService' available: expected at least 1 bean which qualifies as autowire candidate. Dependency annotations: {}

